<?xml version="1.0" encoding="UTF-8"?>
<!-- Generated by org.testng.reporters.JUnitReportReporter -->
<testsuite skipped="0" hostname="SATHISHs-MacBook-Pro.local" name="com.job.api.PutRequest" tests="20" failures="0" timestamp="2022-05-12T19:28:25 EDT" time="8.522" errors="0">
  <testcase name="UpdateRecord" time="4.739" classname="com.job.api.PutRequest"/>
  <system-out/>
  <testcase name="UpdateRecord" time="0.190" classname="com.job.api.PutRequest"/>
  <system-out/>
  <testcase name="UpdateRecord" time="0.183" classname="com.job.api.PutRequest"/>
  <system-out/>
  <testcase name="UpdateRecord" time="0.185" classname="com.job.api.PutRequest"/>
  <system-out/>
  <testcase name="UpdateRecord" time="0.190" classname="com.job.api.PutRequest"/>
  <system-out/>
  <testcase name="UpdateRecord" time="0.436" classname="com.job.api.PutRequest"/>
  <system-out/>
  <testcase name="UpdateRecord" time="0.184" classname="com.job.api.PutRequest"/>
  <system-out/>
  <testcase name="UpdateRecord" time="0.172" classname="com.job.api.PutRequest"/>
  <system-out/>
  <testcase name="UpdateRecord" time="0.185" classname="com.job.api.PutRequest"/>
  <system-out/>
  <testcase name="UpdateRecord" time="0.205" classname="com.job.api.PutRequest"/>
  <system-out/>
  <testcase name="UpdateRecord" time="0.178" classname="com.job.api.PutRequest"/>
  <system-out/>
  <testcase name="UpdateRecord" time="0.199" classname="com.job.api.PutRequest"/>
  <system-out/>
  <testcase name="UpdateRecord" time="0.176" classname="com.job.api.PutRequest"/>
  <system-out/>
  <testcase name="UpdateRecord" time="0.195" classname="com.job.api.PutRequest"/>
  <system-out/>
  <testcase name="UpdateRecord" time="0.187" classname="com.job.api.PutRequest"/>
  <system-out/>
  <testcase name="UpdateRecord" time="0.174" classname="com.job.api.PutRequest"/>
  <system-out/>
  <testcase name="UpdateRecord" time="0.181" classname="com.job.api.PutRequest"/>
  <system-out/>
  <testcase name="UpdateRecord" time="0.195" classname="com.job.api.PutRequest"/>
  <system-out/>
  <testcase name="UpdateRecord" time="0.187" classname="com.job.api.PutRequest"/>
  <system-out/>
  <testcase name="UpdateRecord" time="0.181" classname="com.job.api.PutRequest"/>
  <system-out/>
</testsuite> <!-- com.job.api.PutRequest -->
