<?xml version="1.0" encoding="UTF-8"?>
<!-- Generated by org.testng.reporters.JUnitReportReporter -->
<testsuite skipped="0" hostname="SATHISHs-MacBook-Pro.local" name="com.job.api.GetRequest" tests="1" failures="0" timestamp="2022-05-12T19:05:46 EDT" time="1.941" errors="0">
  <testcase name="GetAll" time="1.941" classname="com.job.api.GetRequest"/>
  <system-out/>
</testsuite> <!-- com.job.api.GetRequest -->
