<?xml version="1.0" encoding="UTF-8"?>
<!-- Generated by org.testng.reporters.JUnitReportReporter -->
<testsuite skipped="0" hostname="SATHISHs-MacBook-Pro.local" name="com.runner.SkillsApi$TestRunner" tests="2" failures="0" timestamp="2022-05-13T13:26:55 EDT" time="9.990" errors="0">
  <testcase name="runScenario" time="0.281" classname="com.runner.SkillsApi$TestRunner"/>
  <system-out/>
  <testcase name="runScenario" time="9.709" classname="com.runner.SkillsApi$TestRunner"/>
  <system-out/>
</testsuite> <!-- com.runner.SkillsApi$TestRunner -->
