<?xml version="1.0" encoding="UTF-8"?>
<!-- Generated by org.testng.reporters.JUnitReportReporter -->
<testsuite skipped="0" hostname="SATHISHs-MacBook-Pro.local" name="com.job.api.DeleteRequest" tests="3" failures="0" timestamp="2022-05-12T19:30:12 EDT" time="2.237" errors="0">
  <testcase name="test_DeleteRecord" time="1.879" classname="com.job.api.DeleteRequest"/>
  <system-out/>
  <testcase name="test_DeleteRecord" time="0.176" classname="com.job.api.DeleteRequest"/>
  <system-out/>
  <testcase name="test_DeleteRecord" time="0.182" classname="com.job.api.DeleteRequest"/>
  <system-out/>
</testsuite> <!-- com.job.api.DeleteRequest -->
