<?xml version="1.0" encoding="UTF-8"?>
<!-- Generated by org.testng.reporters.JUnitReportReporter -->
<testsuite skipped="0" hostname="SATHISHs-MacBook-Pro.local" name="com.job.api.PostRequest" tests="20" failures="0" timestamp="2022-05-12T19:22:32 EDT" time="4.758" errors="0">
  <testcase name="createRecord" time="0.161" classname="com.job.api.PostRequest"/>
  <system-out/>
  <testcase name="createRecord" time="0.154" classname="com.job.api.PostRequest"/>
  <system-out/>
  <testcase name="createRecord" time="0.167" classname="com.job.api.PostRequest"/>
  <system-out/>
  <testcase name="createRecord" time="0.167" classname="com.job.api.PostRequest"/>
  <system-out/>
  <testcase name="createRecord" time="0.166" classname="com.job.api.PostRequest"/>
  <system-out/>
  <testcase name="createRecord" time="0.177" classname="com.job.api.PostRequest"/>
  <system-out/>
  <testcase name="createRecord" time="0.168" classname="com.job.api.PostRequest"/>
  <system-out/>
  <testcase name="createRecord" time="0.170" classname="com.job.api.PostRequest"/>
  <system-out/>
  <testcase name="createRecord" time="0.201" classname="com.job.api.PostRequest"/>
  <system-out/>
  <testcase name="createRecord" time="0.167" classname="com.job.api.PostRequest"/>
  <system-out/>
  <testcase name="createRecord" time="0.161" classname="com.job.api.PostRequest"/>
  <system-out/>
  <testcase name="createRecord" time="0.168" classname="com.job.api.PostRequest"/>
  <system-out/>
  <testcase name="createRecord" time="0.168" classname="com.job.api.PostRequest"/>
  <system-out/>
  <testcase name="createRecord" time="0.162" classname="com.job.api.PostRequest"/>
  <system-out/>
  <testcase name="createRecord" time="0.173" classname="com.job.api.PostRequest"/>
  <system-out/>
  <testcase name="createRecord" time="0.163" classname="com.job.api.PostRequest"/>
  <system-out/>
  <testcase name="createRecord" time="0.177" classname="com.job.api.PostRequest"/>
  <system-out/>
  <testcase name="createRecord" time="0.180" classname="com.job.api.PostRequest"/>
  <system-out/>
  <testcase name="createRecord" time="0.183" classname="com.job.api.PostRequest"/>
  <system-out/>
  <testcase name="createRecord" time="1.525" classname="com.job.api.PostRequest"/>
  <system-out/>
</testsuite> <!-- com.job.api.PostRequest -->
